[    2887ms] [INFO] %cDownload the React DevTools for a better development experience: https://react.dev/link/react-devtools font-weight:bold @ http://localhost:3000/_next/static/chunks/node_modules_next_dist_0ifwd0~._.js:2925
[    2958ms] [LOG] [HMR] connected @ http://localhost:3000/_next/static/chunks/node_modules_next_dist_0ifwd0~._.js:2925
[    3105ms] [LOG] [Fast Refresh] rebuilding @ http://localhost:3000/_next/static/chunks/node_modules_next_dist_0ifwd0~._.js:2925
[    3114ms] [LOG] [Fast Refresh] done in 119ms @ http://localhost:3000/_next/static/chunks/node_modules_next_dist_0ifwd0~._.js:2925
[    5939ms] [ERROR] Failed to load resource: the server responded with a status of 404 () @ https://tiles.versatiles.org/assets/glyphs/Open%20Sans%20Bold,Arial%20Unicode%20MS%20Bold/0-255.pbf:0
[    5948ms] [WARNING] Unable to load glyph range 0, 0-255. Rendering codepoint U+0030 locally instead. Error: AJAXError:  (404): https://tiles.versatiles.org/assets/glyphs/Open Sans Bold,Arial Unicode MS Bold/0-255.pbf @ http://localhost:3000/_next/static/chunks/node_modules_next_dist_0ifwd0~._.js:2925
[    5948ms] [WARNING] Unable to load glyph range 0, 0-255. Rendering codepoint U+0031 locally instead. Error: AJAXError:  (404): https://tiles.versatiles.org/assets/glyphs/Open Sans Bold,Arial Unicode MS Bold/0-255.pbf @ http://localhost:3000/_next/static/chunks/node_modules_next_dist_0ifwd0~._.js:2925
[    5949ms] [WARNING] Unable to load glyph range 0, 0-255. Rendering codepoint U+0032 locally instead. Error: AJAXError:  (404): https://tiles.versatiles.org/assets/glyphs/Open Sans Bold,Arial Unicode MS Bold/0-255.pbf @ http://localhost:3000/_next/static/chunks/node_modules_next_dist_0ifwd0~._.js:2925
[    5949ms] [WARNING] Unable to load glyph range 0, 0-255. Rendering codepoint U+0033 locally instead. Error: AJAXError:  (404): https://tiles.versatiles.org/assets/glyphs/Open Sans Bold,Arial Unicode MS Bold/0-255.pbf @ http://localhost:3000/_next/static/chunks/node_modules_next_dist_0ifwd0~._.js:2925
[    5949ms] [WARNING] Unable to load glyph range 0, 0-255. Rendering codepoint U+0034 locally instead. Error: AJAXError:  (404): https://tiles.versatiles.org/assets/glyphs/Open Sans Bold,Arial Unicode MS Bold/0-255.pbf @ http://localhost:3000/_next/static/chunks/node_modules_next_dist_0ifwd0~._.js:2925
[    5950ms] [WARNING] Unable to load glyph range 0, 0-255. Rendering codepoint U+0035 locally instead. Error: AJAXError:  (404): https://tiles.versatiles.org/assets/glyphs/Open Sans Bold,Arial Unicode MS Bold/0-255.pbf @ http://localhost:3000/_next/static/chunks/node_modules_next_dist_0ifwd0~._.js:2925
[    5950ms] [WARNING] Unable to load glyph range 0, 0-255. Rendering codepoint U+0036 locally instead. Error: AJAXError:  (404): https://tiles.versatiles.org/assets/glyphs/Open Sans Bold,Arial Unicode MS Bold/0-255.pbf @ http://localhost:3000/_next/static/chunks/node_modules_next_dist_0ifwd0~._.js:2925
[    5950ms] [WARNING] Unable to load glyph range 0, 0-255. Rendering codepoint U+0037 locally instead. Error: AJAXError:  (404): https://tiles.versatiles.org/assets/glyphs/Open Sans Bold,Arial Unicode MS Bold/0-255.pbf @ http://localhost:3000/_next/static/chunks/node_modules_next_dist_0ifwd0~._.js:2925
[    5950ms] [WARNING] Unable to load glyph range 0, 0-255. Rendering codepoint U+0038 locally instead. Error: AJAXError:  (404): https://tiles.versatiles.org/assets/glyphs/Open Sans Bold,Arial Unicode MS Bold/0-255.pbf @ http://localhost:3000/_next/static/chunks/node_modules_next_dist_0ifwd0~._.js:2925
[    5950ms] [WARNING] Unable to load glyph range 0, 0-255. Rendering codepoint U+0039 locally instead. Error: AJAXError:  (404): https://tiles.versatiles.org/assets/glyphs/Open Sans Bold,Arial Unicode MS Bold/0-255.pbf @ http://localhost:3000/_next/static/chunks/node_modules_next_dist_0ifwd0~._.js:2925
[    5957ms] [WARNING] Unable to load glyph range 0, 0-255. Rendering codepoint U+0053 locally instead. Error: AJAXError:  (404): https://tiles.versatiles.org/assets/glyphs/Open Sans Bold,Arial Unicode MS Bold/0-255.pbf @ http://localhost:3000/_next/static/chunks/node_modules_next_dist_0ifwd0~._.js:2925
[    5958ms] [WARNING] Unable to load glyph range 0, 0-255. Rendering codepoint U+0061 locally instead. Error: AJAXError:  (404): https://tiles.versatiles.org/assets/glyphs/Open Sans Bold,Arial Unicode MS Bold/0-255.pbf @ http://localhost:3000/_next/static/chunks/node_modules_next_dist_0ifwd0~._.js:2925
[    5958ms] [WARNING] Unable to load glyph range 0, 0-255. Rendering codepoint U+0063 locally instead. Error: AJAXError:  (404): https://tiles.versatiles.org/assets/glyphs/Open Sans Bold,Arial Unicode MS Bold/0-255.pbf @ http://localhost:3000/_next/static/chunks/node_modules_next_dist_0ifwd0~._.js:2925
[    5958ms] [WARNING] Unable to load glyph range 0, 0-255. Rendering codepoint U+0064 locally instead. Error: AJAXError:  (404): https://tiles.versatiles.org/assets/glyphs/Open Sans Bold,Arial Unicode MS Bold/0-255.pbf @ http://localhost:3000/_next/static/chunks/node_modules_next_dist_0ifwd0~._.js:2925
[    5958ms] [WARNING] Unable to load glyph range 0, 0-255. Rendering codepoint U+0065 locally instead. Error: AJAXError:  (404): https://tiles.versatiles.org/assets/glyphs/Open Sans Bold,Arial Unicode MS Bold/0-255.pbf @ http://localhost:3000/_next/static/chunks/node_modules_next_dist_0ifwd0~._.js:2925
[    5959ms] [WARNING] Unable to load glyph range 0, 0-255. Rendering codepoint U+0068 locally instead. Error: AJAXError:  (404): https://tiles.versatiles.org/assets/glyphs/Open Sans Bold,Arial Unicode MS Bold/0-255.pbf @ http://localhost:3000/_next/static/chunks/node_modules_next_dist_0ifwd0~._.js:2925
[    5959ms] [WARNING] Unable to load glyph range 0, 0-255. Rendering codepoint U+006C locally instead. Error: AJAXError:  (404): https://tiles.versatiles.org/assets/glyphs/Open Sans Bold,Arial Unicode MS Bold/0-255.pbf @ http://localhost:3000/_next/static/chunks/node_modules_next_dist_0ifwd0~._.js:2925
[    5959ms] [WARNING] Unable to load glyph range 0, 0-255. Rendering codepoint U+006E locally instead. Error: AJAXError:  (404): https://tiles.versatiles.org/assets/glyphs/Open Sans Bold,Arial Unicode MS Bold/0-255.pbf @ http://localhost:3000/_next/static/chunks/node_modules_next_dist_0ifwd0~._.js:2925
[    5959ms] [WARNING] Unable to load glyph range 0, 0-255. Rendering codepoint U+0073 locally instead. Error: AJAXError:  (404): https://tiles.versatiles.org/assets/glyphs/Open Sans Bold,Arial Unicode MS Bold/0-255.pbf @ http://localhost:3000/_next/static/chunks/node_modules_next_dist_0ifwd0~._.js:2925
[    5959ms] [WARNING] Unable to load glyph range 0, 0-255. Rendering codepoint U+0074 locally instead. Error: AJAXError:  (404): https://tiles.versatiles.org/assets/glyphs/Open Sans Bold,Arial Unicode MS Bold/0-255.pbf @ http://localhost:3000/_next/static/chunks/node_modules_next_dist_0ifwd0~._.js:2925
[    5959ms] [WARNING] Unable to load glyph range 0, 0-255. Rendering codepoint U+0075 locally instead. Error: AJAXError:  (404): https://tiles.versatiles.org/assets/glyphs/Open Sans Bold,Arial Unicode MS Bold/0-255.pbf @ http://localhost:3000/_next/static/chunks/node_modules_next_dist_0ifwd0~._.js:2925
[    5959ms] [WARNING] Unable to load glyph range 0, 0-255. Rendering codepoint U+00FC locally instead. Error: AJAXError:  (404): https://tiles.versatiles.org/assets/glyphs/Open Sans Bold,Arial Unicode MS Bold/0-255.pbf @ http://localhost:3000/_next/static/chunks/node_modules_next_dist_0ifwd0~._.js:2925
